[debug] [2025-06-20T04:33:35.607Z] ----------------------------------------------------------------------
[debug] [2025-06-20T04:33:35.612Z] Command:       /usr/local/bin/node /Users/apple/.npm-global/bin/firebase deploy
[debug] [2025-06-20T04:33:35.613Z] CLI Version:   14.4.0
[debug] [2025-06-20T04:33:35.613Z] Platform:      darwin
[debug] [2025-06-20T04:33:35.613Z] Node Version:  v22.14.0
[debug] [2025-06-20T04:33:35.614Z] Time:          Fri Jun 20 2025 07:33:35 GMT+0300 (East Africa Time)
[debug] [2025-06-20T04:33:35.614Z] ----------------------------------------------------------------------
[debug] 
[debug] [2025-06-20T04:33:36.102Z] > command requires scopes: ["email","openid","https://www.googleapis.com/auth/cloudplatformprojects.readonly","https://www.googleapis.com/auth/firebase","https://www.googleapis.com/auth/cloud-platform"]
[debug] [2025-06-20T04:33:36.103Z] > authorizing via signed-in user (samnjorokibandi@gmail.com)
[debug] [2025-06-20T04:33:36.104Z] [iam] checking project sam-tech-solution for permissions ["firebase.projects.get","firebasehosting.sites.update"]
[debug] [2025-06-20T04:33:36.106Z] Checked if tokens are valid: false, expires at: 1750367545312
[debug] [2025-06-20T04:33:36.106Z] Checked if tokens are valid: false, expires at: 1750367545312
[debug] [2025-06-20T04:33:36.106Z] > refreshing access token with scopes: []
[debug] [2025-06-20T04:33:36.109Z] >>> [apiv2][query] POST https://www.googleapis.com/oauth2/v3/token [none]
[debug] [2025-06-20T04:33:36.109Z] >>> [apiv2][body] POST https://www.googleapis.com/oauth2/v3/token [omitted]
[debug] [2025-06-20T04:33:36.489Z] *** [apiv2] error from fetch(https://www.googleapis.com/oauth2/v3/token, {"headers":{},"method":"POST","body":{"_overheadLength":545,"_valueLength":212,"_valuesToMeasure":[],"writable":false,"readable":true,"dataSize":0,"maxDataSize":2097152,"pauseStreams":true,"_released":true,"_streams":[],"_currentStream":null,"_insideLoop":false,"_pendingNext":false,"_boundary":"--------------------------156499273812622140188772","_events":{},"_eventsCount":1}}): FetchError: request to https://www.googleapis.com/oauth2/v3/token failed, reason: getaddrinfo ENOTFOUND www.googleapis.com
[error] Authentication Error: Your credentials are no longer valid. Please run firebase login --reauth

For CI servers and headless environments, generate a new token with firebase login:ci
[debug] [2025-06-20T04:33:36.491Z] [iam] error while checking permissions, command may fail: Authentication Error: Your credentials are no longer valid. Please run firebase login --reauth

For CI servers and headless environments, generate a new token with firebase login:ci
[debug] [2025-06-20T04:33:36.493Z] Checked if tokens are valid: false, expires at: 1750367545312
[debug] [2025-06-20T04:33:36.493Z] Checked if tokens are valid: false, expires at: 1750367545312
[debug] [2025-06-20T04:33:36.493Z] > refreshing access token with scopes: []
[debug] [2025-06-20T04:33:36.494Z] >>> [apiv2][query] POST https://www.googleapis.com/oauth2/v3/token [none]
[debug] [2025-06-20T04:33:36.494Z] >>> [apiv2][body] POST https://www.googleapis.com/oauth2/v3/token [omitted]
[debug] [2025-06-20T04:33:36.536Z] *** [apiv2] error from fetch(https://www.googleapis.com/oauth2/v3/token, {"headers":{},"method":"POST","body":{"_overheadLength":545,"_valueLength":212,"_valuesToMeasure":[],"writable":false,"readable":true,"dataSize":0,"maxDataSize":2097152,"pauseStreams":true,"_released":true,"_streams":[],"_currentStream":null,"_insideLoop":false,"_pendingNext":false,"_boundary":"--------------------------966910355823316399154702","_events":{},"_eventsCount":1}}): FetchError: request to https://www.googleapis.com/oauth2/v3/token failed, reason: getaddrinfo ENOTFOUND www.googleapis.com
[error] Authentication Error: Your credentials are no longer valid. Please run firebase login --reauth

For CI servers and headless environments, generate a new token with firebase login:ci
[debug] [2025-06-20T04:33:36.539Z] Authentication Error: Your credentials are no longer valid. Please run firebase login --reauth

For CI servers and headless environments, generate a new token with firebase login:ci
[error] 
[error] Error: Assertion failed: resolving hosting target of a site with no site name or target name. This should have caused an error earlier
